<?xml version="1.0" encoding="UTF-8"?>
<!-- Generated by org.testng.reporters.JUnitReportReporter -->
<testsuite hostname="DESKTOP-T4TMMI4" failures="0" tests="1" name="com.itlearn.testcases.TestCaseDemo" time="0.013" errors="0" timestamp="2024-03-11T11:57:31 IST" skipped="0">
  <testcase classname="com.itlearn.testcases.TestCaseDemo" name="testcheck" time="0.013"/>
</testsuite> <!-- com.itlearn.testcases.TestCaseDemo -->
