<?xml version="1.0" encoding="UTF-8"?>
<!-- Generated by org.testng.reporters.JUnitReportReporter -->
<testsuite hostname="DESKTOP-T4TMMI4" failures="0" tests="1" name="episode17.HandleButtons" time="4.598" errors="0" timestamp="2024-03-11T12:22:47 IST" skipped="0">
  <testcase classname="episode17.HandleButtons" name="main" time="4.598"/>
</testsuite> <!-- episode17.HandleButtons -->
